<?xml version="1.0" ?>
<properties>
    <name>Test Config XML</name>
    <accessToken>accessToken</accessToken>
</properties>